<?xml version="1.0" encoding="UTF-8"?>
<coverage generated="1773793083735" clover="3.2.0">
  <project timestamp="1773793083735" name="All files">
    <metrics statements="55" coveredstatements="49" conditionals="14" coveredconditionals="9" methods="18" coveredmethods="13" elements="87" coveredelements="71" complexity="0" loc="55" ncloc="55" packages="1" files="4" classes="4"/>
    <file name="authService.js" path="C:\Users\Nimo\Documents\chadMess\chadmassenger\src\services\authService.js">
      <metrics statements="17" coveredstatements="15" conditionals="2" coveredconditionals="2" methods="5" coveredmethods="4"/>
      <line num="4" count="1" type="stmt"/>
      <line num="5" count="1" type="stmt"/>
      <line num="6" count="1" type="stmt"/>
      <line num="10" count="1" type="stmt"/>
      <line num="11" count="2" type="stmt"/>
      <line num="12" count="1" type="stmt"/>
      <line num="16" count="1" type="stmt"/>
      <line num="17" count="1" type="stmt"/>
      <line num="18" count="1" type="stmt"/>
      <line num="22" count="1" type="stmt"/>
      <line num="23" count="0" type="stmt"/>
      <line num="24" count="0" type="stmt"/>
      <line num="28" count="1" type="stmt"/>
      <line num="29" count="2" type="stmt"/>
      <line num="30" count="2" type="cond" truecount="2" falsecount="0"/>
      <line num="31" count="2" type="stmt"/>
      <line num="32" count="2" type="stmt"/>
    </file>
    <file name="contactService.js" path="C:\Users\Nimo\Documents\chadMess\chadmassenger\src\services\contactService.js">
      <metrics statements="12" coveredstatements="12" conditionals="0" coveredconditionals="0" methods="4" coveredmethods="4"/>
      <line num="4" count="1" type="stmt"/>
      <line num="5" count="1" type="stmt"/>
      <line num="6" count="1" type="stmt"/>
      <line num="10" count="1" type="stmt"/>
      <line num="11" count="1" type="stmt"/>
      <line num="12" count="1" type="stmt"/>
      <line num="16" count="1" type="stmt"/>
      <line num="17" count="1" type="stmt"/>
      <line num="18" count="1" type="stmt"/>
      <line num="22" count="1" type="stmt"/>
      <line num="23" count="1" type="stmt"/>
      <line num="24" count="1" type="stmt"/>
    </file>
    <file name="messageService.js" path="C:\Users\Nimo\Documents\chadMess\chadmassenger\src\services\messageService.js">
      <metrics statements="3" coveredstatements="3" conditionals="0" coveredconditionals="0" methods="1" coveredmethods="1"/>
      <line num="4" count="1" type="stmt"/>
      <line num="5" count="2" type="stmt"/>
      <line num="6" count="2" type="stmt"/>
    </file>
    <file name="socketService.js" path="C:\Users\Nimo\Documents\chadMess\chadmassenger\src\services\socketService.js">
      <metrics statements="23" coveredstatements="19" conditionals="12" coveredconditionals="7" methods="8" coveredmethods="4"/>
      <line num="4" count="1" type="stmt"/>
      <line num="7" count="1" type="stmt"/>
      <line num="8" count="2" type="cond" truecount="2" falsecount="2"/>
      <line num="10" count="2" type="stmt"/>
      <line num="17" count="2" type="stmt"/>
      <line num="18" count="0" type="stmt"/>
      <line num="21" count="2" type="stmt"/>
      <line num="22" count="0" type="stmt"/>
      <line num="25" count="2" type="stmt"/>
      <line num="30" count="1" type="stmt"/>
      <line num="31" count="2" type="cond" truecount="2" falsecount="0"/>
      <line num="32" count="1" type="stmt"/>
      <line num="38" count="1" type="stmt"/>
      <line num="39" count="1" type="cond" truecount="1" falsecount="1"/>
      <line num="40" count="1" type="stmt"/>
      <line num="45" count="1" type="stmt"/>
      <line num="46" count="0" type="cond" truecount="0" falsecount="2"/>
      <line num="47" count="0" type="stmt"/>
      <line num="52" count="1" type="stmt"/>
      <line num="53" count="3" type="cond" truecount="2" falsecount="0"/>
      <line num="54" count="1" type="stmt"/>
      <line num="55" count="1" type="stmt"/>
      <line num="60" count="1" type="stmt"/>
    </file>
  </project>
</coverage>
