{"C:\\Users\\Nimo\\Documents\\chadMess\\chadmassenger\\src\\services\\authService.js": {"path":"C:\\Users\\Nimo\\Documents\\chadMess\\chadmassenger\\src\\services\\authService.js","statementMap":{"0":{"start":{"line":4,"column":22},"end":{"line":7,"column":1}},"1":{"start":{"line":5,"column":19},"end":{"line":5,"column":80}},"2":{"start":{"line":6,"column":2},"end":{"line":6,"column":23}},"3":{"start":{"line":10,"column":21},"end":{"line":13,"column":1}},"4":{"start":{"line":11,"column":19},"end":{"line":11,"column":79}},"5":{"start":{"line":12,"column":2},"end":{"line":12,"column":23}},"6":{"start":{"line":16,"column":22},"end":{"line":19,"column":1}},"7":{"start":{"line":17,"column":19},"end":{"line":17,"column":59}},"8":{"start":{"line":18,"column":2},"end":{"line":18,"column":23}},"9":{"start":{"line":22,"column":27},"end":{"line":25,"column":1}},"10":{"start":{"line":23,"column":19},"end":{"line":23,"column":60}},"11":{"start":{"line":24,"column":2},"end":{"line":24,"column":23}},"12":{"start":{"line":28,"column":29},"end":{"line":33,"column":1}},"13":{"start":{"line":29,"column":18},"end":{"line":29,"column":41}},"14":{"start":{"line":30,"column":2},"end":{"line":30,"column":35}},"15":{"start":{"line":30,"column":13},"end":{"line":30,"column":35}},"16":{"start":{"line":31,"column":19},"end":{"line":31,"column":76}},"17":{"start":{"line":32,"column":2},"end":{"line":32,"column":23}}},"fnMap":{"0":{"name":"(anonymous_0)","decl":{"start":{"line":4,"column":22},"end":{"line":4,"column":23}},"loc":{"start":{"line":4,"column":49},"end":{"line":7,"column":1}},"line":4},"1":{"name":"(anonymous_1)","decl":{"start":{"line":10,"column":21},"end":{"line":10,"column":22}},"loc":{"start":{"line":10,"column":48},"end":{"line":13,"column":1}},"line":10},"2":{"name":"(anonymous_2)","decl":{"start":{"line":16,"column":22},"end":{"line":16,"column":23}},"loc":{"start":{"line":16,"column":34},"end":{"line":19,"column":1}},"line":16},"3":{"name":"(anonymous_3)","decl":{"start":{"line":22,"column":27},"end":{"line":22,"column":28}},"loc":{"start":{"line":22,"column":39},"end":{"line":25,"column":1}},"line":22},"4":{"name":"(anonymous_4)","decl":{"start":{"line":28,"column":29},"end":{"line":28,"column":30}},"loc":{"start":{"line":28,"column":67},"end":{"line":33,"column":1}},"line":28}},"branchMap":{"0":{"loc":{"start":{"line":30,"column":2},"end":{"line":30,"column":35}},"type":"if","locations":[{"start":{"line":30,"column":2},"end":{"line":30,"column":35}},{"start":{},"end":{}}],"line":30}},"s":{"0":1,"1":1,"2":1,"3":1,"4":2,"5":1,"6":1,"7":1,"8":1,"9":1,"10":0,"11":0,"12":1,"13":2,"14":2,"15":1,"16":2,"17":2},"f":{"0":1,"1":2,"2":1,"3":0,"4":2},"b":{"0":[1,1]},"_coverageSchema":"1a1c01bbd47fc00a2c39e90264f33305004495a9","hash":"f994f4e7fb776ad401b2f58489fef6ff687109b4"}
,"C:\\Users\\Nimo\\Documents\\chadMess\\chadmassenger\\src\\services\\contactService.js": {"path":"C:\\Users\\Nimo\\Documents\\chadMess\\chadmassenger\\src\\services\\contactService.js","statementMap":{"0":{"start":{"line":4,"column":30},"end":{"line":7,"column":1}},"1":{"start":{"line":5,"column":19},"end":{"line":5,"column":79}},"2":{"start":{"line":6,"column":2},"end":{"line":6,"column":23}},"3":{"start":{"line":10,"column":30},"end":{"line":13,"column":1}},"4":{"start":{"line":11,"column":19},"end":{"line":11,"column":68}},"5":{"start":{"line":12,"column":2},"end":{"line":12,"column":23}},"6":{"start":{"line":16,"column":34},"end":{"line":19,"column":1}},"7":{"start":{"line":17,"column":19},"end":{"line":17,"column":77}},"8":{"start":{"line":18,"column":2},"end":{"line":18,"column":23}},"9":{"start":{"line":22,"column":24},"end":{"line":25,"column":1}},"10":{"start":{"line":23,"column":19},"end":{"line":23,"column":76}},"11":{"start":{"line":24,"column":2},"end":{"line":24,"column":23}}},"fnMap":{"0":{"name":"(anonymous_0)","decl":{"start":{"line":4,"column":30},"end":{"line":4,"column":31}},"loc":{"start":{"line":4,"column":52},"end":{"line":7,"column":1}},"line":4},"1":{"name":"(anonymous_1)","decl":{"start":{"line":10,"column":30},"end":{"line":10,"column":31}},"loc":{"start":{"line":10,"column":42},"end":{"line":13,"column":1}},"line":10},"2":{"name":"(anonymous_2)","decl":{"start":{"line":16,"column":34},"end":{"line":16,"column":35}},"loc":{"start":{"line":16,"column":46},"end":{"line":19,"column":1}},"line":16},"3":{"name":"(anonymous_3)","decl":{"start":{"line":22,"column":24},"end":{"line":22,"column":25}},"loc":{"start":{"line":22,"column":40},"end":{"line":25,"column":1}},"line":22}},"branchMap":{},"s":{"0":1,"1":1,"2":1,"3":1,"4":1,"5":1,"6":1,"7":1,"8":1,"9":1,"10":1,"11":1},"f":{"0":1,"1":1,"2":1,"3":1},"b":{},"_coverageSchema":"1a1c01bbd47fc00a2c39e90264f33305004495a9","hash":"1bb1dbc6ba554c85edd88401f57d1f9051df3cd4"}
,"C:\\Users\\Nimo\\Documents\\chadMess\\chadmassenger\\src\\services\\messageService.js": {"path":"C:\\Users\\Nimo\\Documents\\chadMess\\chadmassenger\\src\\services\\messageService.js","statementMap":{"0":{"start":{"line":4,"column":27},"end":{"line":7,"column":1}},"1":{"start":{"line":5,"column":19},"end":{"line":5,"column":88}},"2":{"start":{"line":6,"column":2},"end":{"line":6,"column":23}}},"fnMap":{"0":{"name":"(anonymous_0)","decl":{"start":{"line":4,"column":27},"end":{"line":4,"column":28}},"loc":{"start":{"line":4,"column":48},"end":{"line":7,"column":1}},"line":4}},"branchMap":{},"s":{"0":1,"1":2,"2":2},"f":{"0":2},"b":{},"_coverageSchema":"1a1c01bbd47fc00a2c39e90264f33305004495a9","hash":"3ea43fd6f40cae2be07fb28bd374004dce86a148"}
,"C:\\Users\\Nimo\\Documents\\chadMess\\chadmassenger\\src\\services\\socketService.js": {"path":"C:\\Users\\Nimo\\Documents\\chadMess\\chadmassenger\\src\\services\\socketService.js","statementMap":{"0":{"start":{"line":4,"column":13},"end":{"line":4,"column":17}},"1":{"start":{"line":7,"column":29},"end":{"line":26,"column":1}},"2":{"start":{"line":8,"column":2},"end":{"line":8,"column":48}},"3":{"start":{"line":8,"column":34},"end":{"line":8,"column":48}},"4":{"start":{"line":10,"column":2},"end":{"line":15,"column":5}},"5":{"start":{"line":17,"column":2},"end":{"line":19,"column":5}},"6":{"start":{"line":18,"column":4},"end":{"line":18,"column":48}},"7":{"start":{"line":21,"column":2},"end":{"line":23,"column":5}},"8":{"start":{"line":22,"column":4},"end":{"line":22,"column":59}},"9":{"start":{"line":25,"column":2},"end":{"line":25,"column":16}},"10":{"start":{"line":30,"column":27},"end":{"line":34,"column":1}},"11":{"start":{"line":31,"column":2},"end":{"line":33,"column":3}},"12":{"start":{"line":32,"column":4},"end":{"line":32,"column":44}},"13":{"start":{"line":38,"column":32},"end":{"line":42,"column":1}},"14":{"start":{"line":39,"column":2},"end":{"line":41,"column":3}},"15":{"start":{"line":40,"column":4},"end":{"line":40,"column":42}},"16":{"start":{"line":45,"column":33},"end":{"line":49,"column":1}},"17":{"start":{"line":46,"column":2},"end":{"line":48,"column":3}},"18":{"start":{"line":47,"column":4},"end":{"line":47,"column":43}},"19":{"start":{"line":52,"column":32},"end":{"line":57,"column":1}},"20":{"start":{"line":53,"column":2},"end":{"line":56,"column":3}},"21":{"start":{"line":54,"column":4},"end":{"line":54,"column":24}},"22":{"start":{"line":55,"column":4},"end":{"line":55,"column":18}},"23":{"start":{"line":60,"column":25},"end":{"line":60,"column":37}},"24":{"start":{"line":60,"column":31},"end":{"line":60,"column":37}}},"fnMap":{"0":{"name":"(anonymous_0)","decl":{"start":{"line":7,"column":29},"end":{"line":7,"column":30}},"loc":{"start":{"line":7,"column":35},"end":{"line":26,"column":1}},"line":7},"1":{"name":"(anonymous_1)","decl":{"start":{"line":17,"column":23},"end":{"line":17,"column":24}},"loc":{"start":{"line":17,"column":29},"end":{"line":19,"column":3}},"line":17},"2":{"name":"(anonymous_2)","decl":{"start":{"line":21,"column":29},"end":{"line":21,"column":30}},"loc":{"start":{"line":21,"column":38},"end":{"line":23,"column":3}},"line":21},"3":{"name":"(anonymous_3)","decl":{"start":{"line":30,"column":27},"end":{"line":30,"column":28}},"loc":{"start":{"line":30,"column":44},"end":{"line":34,"column":1}},"line":30},"4":{"name":"(anonymous_4)","decl":{"start":{"line":38,"column":32},"end":{"line":38,"column":33}},"loc":{"start":{"line":38,"column":46},"end":{"line":42,"column":1}},"line":38},"5":{"name":"(anonymous_5)","decl":{"start":{"line":45,"column":33},"end":{"line":45,"column":34}},"loc":{"start":{"line":45,"column":47},"end":{"line":49,"column":1}},"line":45},"6":{"name":"(anonymous_6)","decl":{"start":{"line":52,"column":32},"end":{"line":52,"column":33}},"loc":{"start":{"line":52,"column":38},"end":{"line":57,"column":1}},"line":52},"7":{"name":"(anonymous_7)","decl":{"start":{"line":60,"column":25},"end":{"line":60,"column":26}},"loc":{"start":{"line":60,"column":31},"end":{"line":60,"column":37}},"line":60}},"branchMap":{"0":{"loc":{"start":{"line":8,"column":2},"end":{"line":8,"column":48}},"type":"if","locations":[{"start":{"line":8,"column":2},"end":{"line":8,"column":48}},{"start":{},"end":{}}],"line":8},"1":{"loc":{"start":{"line":8,"column":6},"end":{"line":8,"column":32}},"type":"binary-expr","locations":[{"start":{"line":8,"column":6},"end":{"line":8,"column":12}},{"start":{"line":8,"column":16},"end":{"line":8,"column":32}}],"line":8},"2":{"loc":{"start":{"line":31,"column":2},"end":{"line":33,"column":3}},"type":"if","locations":[{"start":{"line":31,"column":2},"end":{"line":33,"column":3}},{"start":{},"end":{}}],"line":31},"3":{"loc":{"start":{"line":39,"column":2},"end":{"line":41,"column":3}},"type":"if","locations":[{"start":{"line":39,"column":2},"end":{"line":41,"column":3}},{"start":{},"end":{}}],"line":39},"4":{"loc":{"start":{"line":46,"column":2},"end":{"line":48,"column":3}},"type":"if","locations":[{"start":{"line":46,"column":2},"end":{"line":48,"column":3}},{"start":{},"end":{}}],"line":46},"5":{"loc":{"start":{"line":53,"column":2},"end":{"line":56,"column":3}},"type":"if","locations":[{"start":{"line":53,"column":2},"end":{"line":56,"column":3}},{"start":{},"end":{}}],"line":53}},"s":{"0":1,"1":1,"2":2,"3":0,"4":2,"5":2,"6":0,"7":2,"8":0,"9":2,"10":1,"11":2,"12":1,"13":1,"14":1,"15":1,"16":1,"17":0,"18":0,"19":1,"20":3,"21":1,"22":1,"23":1,"24":0},"f":{"0":2,"1":0,"2":0,"3":2,"4":1,"5":0,"6":3,"7":0},"b":{"0":[0,2],"1":[2,0],"2":[1,1],"3":[1,0],"4":[0,0],"5":[1,2]},"_coverageSchema":"1a1c01bbd47fc00a2c39e90264f33305004495a9","hash":"e2051a6cc77284a1500308eb1915439017ebcd37"}
}
